  AT.cpp
  Board.cpp
  Engine.cpp
  main.cpp
D:\Курсач\Russian_Checkers_Engine\Engine\Engine\Engine.cpp(134,23): warning C4244: =: преобразование "_Rep" в "int", возможна потеря данных
D:\Курсач\Russian_Checkers_Engine\Engine\Engine\Engine.cpp(134,23): warning C4244:         with
D:\Курсач\Russian_Checkers_Engine\Engine\Engine\Engine.cpp(134,23): warning C4244:         [
D:\Курсач\Russian_Checkers_Engine\Engine\Engine\Engine.cpp(134,23): warning C4244:             _Rep=__int64
D:\Курсач\Russian_Checkers_Engine\Engine\Engine\Engine.cpp(134,23): warning C4244:         ]
D:\Курсач\Russian_Checkers_Engine\Engine\Engine\main.cpp(44,30): warning C4244: аргумент: преобразование "int" в "float", возможна потеря данных
D:\Курсач\Russian_Checkers_Engine\Engine\Engine\main.cpp(44,27): warning C4244: аргумент: преобразование "int" в "float", возможна потеря данных
D:\Курсач\Russian_Checkers_Engine\Engine\Engine\main.cpp(45,33): warning C4244: аргумент: преобразование "int" в "float", возможна потеря данных
D:\Курсач\Russian_Checkers_Engine\Engine\Engine\main.cpp(45,26): warning C4244: аргумент: преобразование "int" в "float", возможна потеря данных
D:\Курсач\Russian_Checkers_Engine\Engine\Engine\main.cpp(69,39): warning C4244: аргумент: преобразование "int" в "T", возможна потеря данных
D:\Курсач\Russian_Checkers_Engine\Engine\Engine\main.cpp(69,39): warning C4244:         with
D:\Курсач\Russian_Checkers_Engine\Engine\Engine\main.cpp(69,39): warning C4244:         [
D:\Курсач\Russian_Checkers_Engine\Engine\Engine\main.cpp(69,39): warning C4244:             T=float
D:\Курсач\Russian_Checkers_Engine\Engine\Engine\main.cpp(69,39): warning C4244:         ]
D:\Курсач\Russian_Checkers_Engine\Engine\Engine\main.cpp(83,24): warning C4267: инициализация: преобразование из "size_t" в "signed char"; возможна потеря данных
D:\Курсач\Russian_Checkers_Engine\Engine\Engine\main.cpp(95,36): warning C4244: аргумент: преобразование "int" в "float", возможна потеря данных
D:\Курсач\Russian_Checkers_Engine\Engine\Engine\main.cpp(95,29): warning C4244: аргумент: преобразование "int" в "float", возможна потеря данных
D:\Курсач\Russian_Checkers_Engine\Engine\Engine\main.cpp(96,36): warning C4244: аргумент: преобразование "int" в "float", возможна потеря данных
D:\Курсач\Russian_Checkers_Engine\Engine\Engine\main.cpp(96,29): warning C4244: аргумент: преобразование "int" в "float", возможна потеря данных
D:\Курсач\Russian_Checkers_Engine\Engine\Engine\main.cpp(156,34): warning C4244: аргумент: преобразование "int" в "T", возможна потеря данных
D:\Курсач\Russian_Checkers_Engine\Engine\Engine\main.cpp(156,34): warning C4244:         with
D:\Курсач\Russian_Checkers_Engine\Engine\Engine\main.cpp(156,34): warning C4244:         [
D:\Курсач\Russian_Checkers_Engine\Engine\Engine\main.cpp(156,34): warning C4244:             T=float
D:\Курсач\Russian_Checkers_Engine\Engine\Engine\main.cpp(156,34): warning C4244:         ]
D:\Курсач\Russian_Checkers_Engine\Engine\Engine\main.cpp(156,31): warning C4244: аргумент: преобразование "int" в "T", возможна потеря данных
D:\Курсач\Russian_Checkers_Engine\Engine\Engine\main.cpp(156,31): warning C4244:         with
D:\Курсач\Russian_Checkers_Engine\Engine\Engine\main.cpp(156,31): warning C4244:         [
D:\Курсач\Russian_Checkers_Engine\Engine\Engine\main.cpp(156,31): warning C4244:             T=float
D:\Курсач\Russian_Checkers_Engine\Engine\Engine\main.cpp(156,31): warning C4244:         ]
D:\Курсач\Russian_Checkers_Engine\Engine\Engine\main.cpp(171,34): warning C4244: аргумент: преобразование "int" в "T", возможна потеря данных
D:\Курсач\Russian_Checkers_Engine\Engine\Engine\main.cpp(171,34): warning C4244:         with
D:\Курсач\Russian_Checkers_Engine\Engine\Engine\main.cpp(171,34): warning C4244:         [
D:\Курсач\Russian_Checkers_Engine\Engine\Engine\main.cpp(171,34): warning C4244:             T=float
D:\Курсач\Russian_Checkers_Engine\Engine\Engine\main.cpp(171,34): warning C4244:         ]
D:\Курсач\Russian_Checkers_Engine\Engine\Engine\main.cpp(171,31): warning C4244: аргумент: преобразование "int" в "T", возможна потеря данных
D:\Курсач\Russian_Checkers_Engine\Engine\Engine\main.cpp(171,31): warning C4244:         with
D:\Курсач\Russian_Checkers_Engine\Engine\Engine\main.cpp(171,31): warning C4244:         [
D:\Курсач\Russian_Checkers_Engine\Engine\Engine\main.cpp(171,31): warning C4244:             T=float
D:\Курсач\Russian_Checkers_Engine\Engine\Engine\main.cpp(171,31): warning C4244:         ]
D:\Курсач\Russian_Checkers_Engine\Engine\Engine\main.cpp(185,29): warning C4244: аргумент: преобразование "int" в "float", возможна потеря данных
D:\Курсач\Russian_Checkers_Engine\Engine\Engine\main.cpp(185,26): warning C4244: аргумент: преобразование "int" в "float", возможна потеря данных
D:\Курсач\Russian_Checkers_Engine\Engine\Engine\main.cpp(186,39): warning C4244: аргумент: преобразование "int" в "float", возможна потеря данных
D:\Курсач\Russian_Checkers_Engine\Engine\Engine\main.cpp(186,28): warning C4244: аргумент: преобразование "int" в "float", возможна потеря данных
D:\Курсач\Russian_Checkers_Engine\Engine\Engine\main.cpp(235,19): warning C4244: инициализация: преобразование "T" в "signed char", возможна потеря данных
D:\Курсач\Russian_Checkers_Engine\Engine\Engine\main.cpp(235,19): warning C4244:         with
D:\Курсач\Russian_Checkers_Engine\Engine\Engine\main.cpp(235,19): warning C4244:         [
D:\Курсач\Russian_Checkers_Engine\Engine\Engine\main.cpp(235,19): warning C4244:             T=float
D:\Курсач\Russian_Checkers_Engine\Engine\Engine\main.cpp(235,19): warning C4244:         ]
D:\Курсач\Russian_Checkers_Engine\Engine\Engine\main.cpp(236,19): warning C4244: инициализация: преобразование "T" в "signed char", возможна потеря данных
D:\Курсач\Russian_Checkers_Engine\Engine\Engine\main.cpp(236,19): warning C4244:         with
D:\Курсач\Russian_Checkers_Engine\Engine\Engine\main.cpp(236,19): warning C4244:         [
D:\Курсач\Russian_Checkers_Engine\Engine\Engine\main.cpp(236,19): warning C4244:             T=float
D:\Курсач\Russian_Checkers_Engine\Engine\Engine\main.cpp(236,19): warning C4244:         ]
D:\Курсач\Russian_Checkers_Engine\Engine\Engine\main.cpp(239,19): warning C4244: инициализация: преобразование "T" в "signed char", возможна потеря данных
D:\Курсач\Russian_Checkers_Engine\Engine\Engine\main.cpp(239,19): warning C4244:         with
D:\Курсач\Russian_Checkers_Engine\Engine\Engine\main.cpp(239,19): warning C4244:         [
D:\Курсач\Russian_Checkers_Engine\Engine\Engine\main.cpp(239,19): warning C4244:             T=float
D:\Курсач\Russian_Checkers_Engine\Engine\Engine\main.cpp(239,19): warning C4244:         ]
D:\Курсач\Russian_Checkers_Engine\Engine\Engine\main.cpp(240,19): warning C4244: инициализация: преобразование "T" в "signed char", возможна потеря данных
D:\Курсач\Russian_Checkers_Engine\Engine\Engine\main.cpp(240,19): warning C4244:         with
D:\Курсач\Russian_Checkers_Engine\Engine\Engine\main.cpp(240,19): warning C4244:         [
D:\Курсач\Russian_Checkers_Engine\Engine\Engine\main.cpp(240,19): warning C4244:             T=float
D:\Курсач\Russian_Checkers_Engine\Engine\Engine\main.cpp(240,19): warning C4244:         ]
D:\Курсач\Russian_Checkers_Engine\Engine\Engine\main.cpp(253,16): warning C4244: инициализация: преобразование "T" в "int", возможна потеря данных
D:\Курсач\Russian_Checkers_Engine\Engine\Engine\main.cpp(253,16): warning C4244:         with
D:\Курсач\Russian_Checkers_Engine\Engine\Engine\main.cpp(253,16): warning C4244:         [
D:\Курсач\Russian_Checkers_Engine\Engine\Engine\main.cpp(253,16): warning C4244:             T=float
D:\Курсач\Russian_Checkers_Engine\Engine\Engine\main.cpp(253,16): warning C4244:         ]
D:\Курсач\Russian_Checkers_Engine\Engine\Engine\main.cpp(254,16): warning C4244: инициализация: преобразование "T" в "int", возможна потеря данных
D:\Курсач\Russian_Checkers_Engine\Engine\Engine\main.cpp(254,16): warning C4244:         with
D:\Курсач\Russian_Checkers_Engine\Engine\Engine\main.cpp(254,16): warning C4244:         [
D:\Курсач\Russian_Checkers_Engine\Engine\Engine\main.cpp(254,16): warning C4244:             T=float
D:\Курсач\Russian_Checkers_Engine\Engine\Engine\main.cpp(254,16): warning C4244:         ]
D:\Курсач\Russian_Checkers_Engine\Engine\Engine\main.cpp(294,54): warning C4244: аргумент: преобразование "int" в "float", возможна потеря данных
D:\Курсач\Russian_Checkers_Engine\Engine\Engine\main.cpp(294,36): warning C4244: аргумент: преобразование "int" в "float", возможна потеря данных
D:\Курсач\Russian_Checkers_Engine\Engine\Engine\main.cpp(299,87): warning C4244: аргумент: преобразование "int" в "float", возможна потеря данных
D:\Курсач\Russian_Checkers_Engine\Engine\Engine\main.cpp(299,58): warning C4244: аргумент: преобразование "int" в "float", возможна потеря данных
D:\Курсач\Russian_Checkers_Engine\Engine\Engine\main.cpp(310,115): warning C4244: аргумент: преобразование "int" в "float", возможна потеря данных
D:\Курсач\Russian_Checkers_Engine\Engine\Engine\main.cpp(310,72): warning C4244: аргумент: преобразование "int" в "float", возможна потеря данных
D:\Курсач\Russian_Checkers_Engine\Engine\Engine\main.cpp(316,115): warning C4244: аргумент: преобразование "int" в "float", возможна потеря данных
D:\Курсач\Russian_Checkers_Engine\Engine\Engine\main.cpp(316,72): warning C4244: аргумент: преобразование "int" в "float", возможна потеря данных
D:\Курсач\Russian_Checkers_Engine\Engine\Engine\main.cpp(346,28): warning C4267: инициализация: преобразование из "size_t" в "signed char"; возможна потеря данных
D:\Курсач\Russian_Checkers_Engine\Engine\Engine\main.cpp(363,39): warning C4244: =: преобразование "float" в "int", возможна потеря данных
D:\Курсач\Russian_Checkers_Engine\Engine\Engine\main.cpp(377,44): warning C4244: аргумент: преобразование "int" в "float", возможна потеря данных
D:\Курсач\Russian_Checkers_Engine\Engine\Engine\main.cpp(377,36): warning C4244: аргумент: преобразование "int" в "float", возможна потеря данных
D:\Курсач\Russian_Checkers_Engine\Engine\Engine\main.cpp(380,48): warning C4244: аргумент: преобразование "int" в "float", возможна потеря данных
D:\Курсач\Russian_Checkers_Engine\Engine\Engine\main.cpp(380,36): warning C4244: аргумент: преобразование "int" в "float", возможна потеря данных
D:\Курсач\Russian_Checkers_Engine\Engine\Engine\main.cpp(385,48): warning C4244: аргумент: преобразование "int" в "float", возможна потеря данных
D:\Курсач\Russian_Checkers_Engine\Engine\Engine\main.cpp(385,36): warning C4244: аргумент: преобразование "int" в "float", возможна потеря данных
D:\Курсач\Russian_Checkers_Engine\Engine\Engine\main.cpp(388,44): warning C4244: аргумент: преобразование "int" в "float", возможна потеря данных
D:\Курсач\Russian_Checkers_Engine\Engine\Engine\main.cpp(388,36): warning C4244: аргумент: преобразование "int" в "float", возможна потеря данных
D:\Курсач\Russian_Checkers_Engine\Engine\Engine\main.cpp(393,35): warning C4244: аргумент: преобразование "int" в "T", возможна потеря данных
D:\Курсач\Russian_Checkers_Engine\Engine\Engine\main.cpp(393,35): warning C4244:         with
D:\Курсач\Russian_Checkers_Engine\Engine\Engine\main.cpp(393,35): warning C4244:         [
D:\Курсач\Russian_Checkers_Engine\Engine\Engine\main.cpp(393,35): warning C4244:             T=float
D:\Курсач\Russian_Checkers_Engine\Engine\Engine\main.cpp(393,35): warning C4244:         ]
D:\Курсач\Russian_Checkers_Engine\Engine\Engine\main.cpp(393,32): warning C4244: аргумент: преобразование "int" в "T", возможна потеря данных
D:\Курсач\Russian_Checkers_Engine\Engine\Engine\main.cpp(393,32): warning C4244:         with
D:\Курсач\Russian_Checkers_Engine\Engine\Engine\main.cpp(393,32): warning C4244:         [
D:\Курсач\Russian_Checkers_Engine\Engine\Engine\main.cpp(393,32): warning C4244:             T=float
D:\Курсач\Russian_Checkers_Engine\Engine\Engine\main.cpp(393,32): warning C4244:         ]
D:\Курсач\Russian_Checkers_Engine\Engine\Engine\main.cpp(394,37): warning C4244: аргумент: преобразование "int" в "T", возможна потеря данных
D:\Курсач\Russian_Checkers_Engine\Engine\Engine\main.cpp(394,37): warning C4244:         with
D:\Курсач\Russian_Checkers_Engine\Engine\Engine\main.cpp(394,37): warning C4244:         [
D:\Курсач\Russian_Checkers_Engine\Engine\Engine\main.cpp(394,37): warning C4244:             T=float
D:\Курсач\Russian_Checkers_Engine\Engine\Engine\main.cpp(394,37): warning C4244:         ]
D:\Курсач\Russian_Checkers_Engine\Engine\Engine\main.cpp(394,32): warning C4244: аргумент: преобразование "int" в "T", возможна потеря данных
D:\Курсач\Russian_Checkers_Engine\Engine\Engine\main.cpp(394,32): warning C4244:         with
D:\Курсач\Russian_Checkers_Engine\Engine\Engine\main.cpp(394,32): warning C4244:         [
D:\Курсач\Russian_Checkers_Engine\Engine\Engine\main.cpp(394,32): warning C4244:             T=float
D:\Курсач\Russian_Checkers_Engine\Engine\Engine\main.cpp(394,32): warning C4244:         ]
D:\Курсач\Russian_Checkers_Engine\Engine\Engine\main.cpp(396,34): warning C4244: аргумент: преобразование "int" в "float", возможна потеря данных
D:\Курсач\Russian_Checkers_Engine\Engine\Engine\main.cpp(396,31): warning C4244: аргумент: преобразование "int" в "float", возможна потеря данных
D:\Курсач\Russian_Checkers_Engine\Engine\Engine\main.cpp(397,36): warning C4244: аргумент: преобразование "int" в "float", возможна потеря данных
D:\Курсач\Russian_Checkers_Engine\Engine\Engine\main.cpp(397,31): warning C4244: аргумент: преобразование "int" в "float", возможна потеря данных
D:\Курсач\Russian_Checkers_Engine\Engine\Engine\main.cpp(400,34): warning C4244: аргумент: преобразование "int" в "float", возможна потеря данных
D:\Курсач\Russian_Checkers_Engine\Engine\Engine\main.cpp(400,31): warning C4244: аргумент: преобразование "int" в "float", возможна потеря данных
D:\Курсач\Russian_Checkers_Engine\Engine\Engine\main.cpp(401,40): warning C4244: аргумент: преобразование "int" в "float", возможна потеря данных
D:\Курсач\Russian_Checkers_Engine\Engine\Engine\main.cpp(401,31): warning C4244: аргумент: преобразование "int" в "float", возможна потеря данных
D:\Курсач\Russian_Checkers_Engine\Engine\Engine\main.cpp(417,37): warning C4244: аргумент: преобразование "int" в "T", возможна потеря данных
D:\Курсач\Russian_Checkers_Engine\Engine\Engine\main.cpp(417,37): warning C4244:         with
D:\Курсач\Russian_Checkers_Engine\Engine\Engine\main.cpp(417,37): warning C4244:         [
D:\Курсач\Russian_Checkers_Engine\Engine\Engine\main.cpp(417,37): warning C4244:             T=float
D:\Курсач\Russian_Checkers_Engine\Engine\Engine\main.cpp(417,37): warning C4244:         ]
D:\Курсач\Russian_Checkers_Engine\Engine\Engine\main.cpp(417,32): warning C4244: аргумент: преобразование "int" в "T", возможна потеря данных
D:\Курсач\Russian_Checkers_Engine\Engine\Engine\main.cpp(417,32): warning C4244:         with
D:\Курсач\Russian_Checkers_Engine\Engine\Engine\main.cpp(417,32): warning C4244:         [
D:\Курсач\Russian_Checkers_Engine\Engine\Engine\main.cpp(417,32): warning C4244:             T=float
D:\Курсач\Russian_Checkers_Engine\Engine\Engine\main.cpp(417,32): warning C4244:         ]
D:\Курсач\Russian_Checkers_Engine\Engine\Engine\main.cpp(420,35): warning C4244: аргумент: преобразование "int" в "T", возможна потеря данных
D:\Курсач\Russian_Checkers_Engine\Engine\Engine\main.cpp(420,35): warning C4244:         with
D:\Курсач\Russian_Checkers_Engine\Engine\Engine\main.cpp(420,35): warning C4244:         [
D:\Курсач\Russian_Checkers_Engine\Engine\Engine\main.cpp(420,35): warning C4244:             T=float
D:\Курсач\Russian_Checkers_Engine\Engine\Engine\main.cpp(420,35): warning C4244:         ]
D:\Курсач\Russian_Checkers_Engine\Engine\Engine\main.cpp(420,32): warning C4244: аргумент: преобразование "int" в "T", возможна потеря данных
D:\Курсач\Russian_Checkers_Engine\Engine\Engine\main.cpp(420,32): warning C4244:         with
D:\Курсач\Russian_Checkers_Engine\Engine\Engine\main.cpp(420,32): warning C4244:         [
D:\Курсач\Russian_Checkers_Engine\Engine\Engine\main.cpp(420,32): warning C4244:             T=float
D:\Курсач\Russian_Checkers_Engine\Engine\Engine\main.cpp(420,32): warning C4244:         ]
D:\Курсач\Russian_Checkers_Engine\Engine\Engine\main.cpp(441,36): warning C4244: аргумент: преобразование "int" в "float", возможна потеря данных
D:\Курсач\Russian_Checkers_Engine\Engine\Engine\main.cpp(441,31): warning C4244: аргумент: преобразование "int" в "float", возможна потеря данных
D:\Курсач\Russian_Checkers_Engine\Engine\Engine\main.cpp(442,34): warning C4244: аргумент: преобразование "int" в "float", возможна потеря данных
D:\Курсач\Russian_Checkers_Engine\Engine\Engine\main.cpp(442,31): warning C4244: аргумент: преобразование "int" в "float", возможна потеря данных
D:\Курсач\Russian_Checkers_Engine\Engine\Engine\main.cpp(445,34): warning C4244: аргумент: преобразование "int" в "float", возможна потеря данных
D:\Курсач\Russian_Checkers_Engine\Engine\Engine\main.cpp(445,31): warning C4244: аргумент: преобразование "int" в "float", возможна потеря данных
D:\Курсач\Russian_Checkers_Engine\Engine\Engine\main.cpp(446,40): warning C4244: аргумент: преобразование "int" в "float", возможна потеря данных
D:\Курсач\Russian_Checkers_Engine\Engine\Engine\main.cpp(446,31): warning C4244: аргумент: преобразование "int" в "float", возможна потеря данных
D:\Курсач\Russian_Checkers_Engine\Engine\Engine\main.cpp(451,34): warning C4244: аргумент: преобразование "int" в "float", возможна потеря данных
D:\Курсач\Russian_Checkers_Engine\Engine\Engine\main.cpp(451,31): warning C4244: аргумент: преобразование "int" в "float", возможна потеря данных
D:\Курсач\Russian_Checkers_Engine\Engine\Engine\main.cpp(452,40): warning C4244: аргумент: преобразование "int" в "float", возможна потеря данных
D:\Курсач\Russian_Checkers_Engine\Engine\Engine\main.cpp(452,31): warning C4244: аргумент: преобразование "int" в "float", возможна потеря данных
D:\Курсач\Russian_Checkers_Engine\Engine\Engine\main.cpp(455,36): warning C4244: аргумент: преобразование "int" в "float", возможна потеря данных
D:\Курсач\Russian_Checkers_Engine\Engine\Engine\main.cpp(455,31): warning C4244: аргумент: преобразование "int" в "float", возможна потеря данных
D:\Курсач\Russian_Checkers_Engine\Engine\Engine\main.cpp(456,34): warning C4244: аргумент: преобразование "int" в "float", возможна потеря данных
D:\Курсач\Russian_Checkers_Engine\Engine\Engine\main.cpp(456,31): warning C4244: аргумент: преобразование "int" в "float", возможна потеря данных
  PossibleMoves.cpp
  Создание кода...
  Engine.vcxproj -> D:\Курсач\Russian_Checkers_Engine\Engine\x64\Debug\Engine.exe
