  Board.cpp
C:\Users\User\Desktop\Kursach\Russian_Checkers_Engine\Russian checkers engine\Vobla\Vobla\Board.cpp(60,1): warning C4305: инициализация: усечение из "double" в "float"
C:\Users\User\Desktop\Kursach\Russian_Checkers_Engine\Russian checkers engine\Vobla\Vobla\Board.cpp(71,1): warning C4305: инициализация: усечение из "double" в "float"
  Engine.cpp
C:\Users\User\Desktop\Kursach\Russian_Checkers_Engine\Russian checkers engine\Vobla\Vobla\Engine.cpp(7,12): warning C4244: return: преобразование "double" в "float", возможна потеря данных
  main.cpp
C:\Users\User\Desktop\Kursach\Russian_Checkers_Engine\Russian checkers engine\Vobla\Vobla\main.cpp(18,31): warning C4244: аргумент: преобразование "int" в "float", возможна потеря данных
C:\Users\User\Desktop\Kursach\Russian_Checkers_Engine\Russian checkers engine\Vobla\Vobla\main.cpp(18,27): warning C4244: аргумент: преобразование "int" в "float", возможна потеря данных
C:\Users\User\Desktop\Kursach\Russian_Checkers_Engine\Russian checkers engine\Vobla\Vobla\main.cpp(23,35): warning C4244: аргумент: преобразование "int" в "float", возможна потеря данных
C:\Users\User\Desktop\Kursach\Russian_Checkers_Engine\Russian checkers engine\Vobla\Vobla\main.cpp(23,27): warning C4244: аргумент: преобразование "int" в "float", возможна потеря данных
C:\Users\User\Desktop\Kursach\Russian_Checkers_Engine\Russian checkers engine\Vobla\Vobla\main.cpp(37,63): warning C4244: аргумент: преобразование "int" в "float", возможна потеря данных
C:\Users\User\Desktop\Kursach\Russian_Checkers_Engine\Russian checkers engine\Vobla\Vobla\main.cpp(37,32): warning C4244: аргумент: преобразование "int" в "float", возможна потеря данных
C:\Users\User\Desktop\Kursach\Russian_Checkers_Engine\Russian checkers engine\Vobla\Vobla\main.cpp(41,76): warning C4244: аргумент: преобразование "int" в "float", возможна потеря данных
C:\Users\User\Desktop\Kursach\Russian_Checkers_Engine\Russian checkers engine\Vobla\Vobla\main.cpp(41,46): warning C4244: аргумент: преобразование "int" в "float", возможна потеря данных
C:\Users\User\Desktop\Kursach\Russian_Checkers_Engine\Russian checkers engine\Vobla\Vobla\main.cpp(53,103): warning C4244: аргумент: преобразование "int" в "float", возможна потеря данных
C:\Users\User\Desktop\Kursach\Russian_Checkers_Engine\Russian checkers engine\Vobla\Vobla\main.cpp(53,60): warning C4244: аргумент: преобразование "int" в "float", возможна потеря данных
C:\Users\User\Desktop\Kursach\Russian_Checkers_Engine\Russian checkers engine\Vobla\Vobla\main.cpp(59,103): warning C4244: аргумент: преобразование "int" в "float", возможна потеря данных
C:\Users\User\Desktop\Kursach\Russian_Checkers_Engine\Russian checkers engine\Vobla\Vobla\main.cpp(59,60): warning C4244: аргумент: преобразование "int" в "float", возможна потеря данных
C:\Users\User\Desktop\Kursach\Russian_Checkers_Engine\Russian checkers engine\Vobla\Vobla\main.cpp(77,38): warning C4267: инициализация: преобразование из "size_t" в "short"; возможна потеря данных
C:\Users\User\Desktop\Kursach\Russian_Checkers_Engine\Russian checkers engine\Vobla\Vobla\main.cpp(88,23): warning C4244: =: преобразование "float" в "int", возможна потеря данных
C:\Users\User\Desktop\Kursach\Russian_Checkers_Engine\Russian checkers engine\Vobla\Vobla\main.cpp(90,43): warning C4244: аргумент: преобразование "int" в "T", возможна потеря данных
          with
          [
              T=float
          ]
C:\Users\User\Desktop\Kursach\Russian_Checkers_Engine\Russian checkers engine\Vobla\Vobla\main.cpp(92,39): warning C4244: аргумент: преобразование "int" в "T", возможна потеря данных
          with
          [
              T=float
          ]
C:\Users\User\Desktop\Kursach\Russian_Checkers_Engine\Russian checkers engine\Vobla\Vobla\main.cpp(96,43): warning C4244: аргумент: преобразование "int" в "float", возможна потеря данных
C:\Users\User\Desktop\Kursach\Russian_Checkers_Engine\Russian checkers engine\Vobla\Vobla\main.cpp(99,37): warning C4244: аргумент: преобразование "int" в "float", возможна потеря данных
C:\Users\User\Desktop\Kursach\Russian_Checkers_Engine\Russian checkers engine\Vobla\Vobla\main.cpp(370,47): warning C4244: =: преобразование "T" в "short", возможна потеря данных
          with
          [
              T=float
          ]
C:\Users\User\Desktop\Kursach\Russian_Checkers_Engine\Russian checkers engine\Vobla\Vobla\main.cpp(371,57): warning C4244: =: преобразование "T" в "short", возможна потеря данных
          with
          [
              T=float
          ]
  PossibleMoves.cpp
  Tree.cpp
  Создание кода...
  Vobla.vcxproj -> C:\Users\User\Desktop\Kursach\Russian_Checkers_Engine\Russian checkers engine\Vobla\x64\Debug\Vobla.exe
